\BOOKMARK [1][-]{section*.1}{\376\377\000R\000e\000s\000u\000m\000o}{}% 1
\BOOKMARK [1][-]{section.1}{\376\377\000I\000n\000t\000r\000o\000d\000u\000\347\000\343\000o}{}% 2
\BOOKMARK [1][-]{section.2}{\376\377\000M\000\351\000t\000o\000d\000o\000s}{}% 3
\BOOKMARK [2][-]{subsection.2.1}{\376\377\000A\000v\000a\000l\000i\000a\000\347\000\365\000e\000s}{section.2}% 4
\BOOKMARK [3][-]{subsubsection.2.1.1}{\376\377\000E\000N\000E\000M}{subsection.2.1}% 5
\BOOKMARK [3][-]{subsubsection.2.1.2}{\376\377\000C\000R\000E\000C\000E\000R}{subsection.2.1}% 6
\BOOKMARK [3][-]{subsubsection.2.1.3}{\376\377\000A\000t\000i\000t\000u\000d\000e\000s\000\040\000e\000m\000\040\000r\000e\000l\000a\000\347\000\343\000o\000\040\000\340\000\040\000e\000s\000t\000a\000t\000\355\000s\000t\000i\000c\000a\000\040\000e\000m\000\040\000p\000r\000o\000f\000e\000s\000s\000o\000r\000e\000s}{subsection.2.1}% 7
\BOOKMARK [2][-]{subsection.2.2}{\376\377\000T\000e\000o\000r\000i\000a\000\040\000c\000l\000\341\000s\000s\000i\000c\000a\000\040\000d\000o\000s\000\040\000t\000e\000s\000t\000e\000s}{section.2}% 8
\BOOKMARK [3][-]{subsubsection.2.2.1}{\376\377\000\315\000n\000d\000i\000c\000e\000\040\000d\000e\000\040\000d\000i\000f\000i\000c\000u\000l\000d\000a\000d\000e}{subsection.2.2}% 9
\BOOKMARK [3][-]{subsubsection.2.2.2}{\376\377\000\315\000n\000d\000i\000c\000e\000\040\000d\000e\000\040\000d\000i\000s\000c\000r\000i\000m\000i\000n\000a\000\347\000\343\000o}{subsection.2.2}% 10
\BOOKMARK [3][-]{subsubsection.2.2.3}{\376\377\000C\000o\000e\000f\000i\000c\000i\000e\000n\000t\000e\000\040\000d\000e\000\040\000c\000o\000r\000r\000e\000l\000a\000\347\000\343\000o\000\040\000p\000o\000n\000t\000o\000-\000b\000i\000s\000s\000e\000r\000i\000a\000l}{subsection.2.2}% 11
\BOOKMARK [3][-]{subsubsection.2.2.4}{\376\377\000C\000o\000e\000f\000i\000c\000i\000e\000n\000t\000e\000\040\000d\000e\000\040\000c\000o\000r\000r\000e\000l\000a\000\347\000\343\000o\000\040\000b\000i\000s\000s\000e\000r\000i\000a\000l}{subsection.2.2}% 12
\BOOKMARK [3][-]{subsubsection.2.2.5}{\376\377\000C\000o\000e\000f\000i\000c\000i\000e\000n\000t\000e\000\040\000a\000l\000f\000a\000\040\000d\000e\000\040\000C\000r\000o\000n\000b\000a\000c\000h}{subsection.2.2}% 13
\BOOKMARK [3][-]{subsubsection.2.2.6}{\376\377\000C\000o\000r\000r\000e\000l\000a\000\347\000\343\000o\000\040\000p\000o\000l\000i\000s\000s\000e\000r\000i\000a\000l\000\040\000e\000\040\000p\000o\000n\000t\000o\000\040\000p\000o\000l\000i\000s\000s\000e\000r\000i\000a\000l\000\040}{subsection.2.2}% 14
\BOOKMARK [1][-]{section.3}{\376\377\000R\000e\000s\000u\000l\000t\000a\000d\000o\000s}{}% 15
\BOOKMARK [2][-]{subsection.3.1}{\376\377\000E\000x\000a\000m\000e\000\040\000N\000a\000c\000i\000o\000n\000a\000l\000\040\000d\000o\000\040\000E\000n\000s\000i\000n\000o\000\040\000M\000\351\000d\000i\000o}{section.3}% 16
\BOOKMARK [2][-]{subsection.3.2}{\376\377\000C\000R\000E\000C\000E\000R}{section.3}% 17
\BOOKMARK [2][-]{subsection.3.3}{\376\377\000A\000t\000i\000t\000u\000d\000e\000s\000\040\000e\000m\000\040\000r\000e\000l\000a\000\347\000\343\000o\000\040\000\340\000\040\000e\000s\000t\000a\000t\000\355\000s\000t\000i\000c\000a\000\040\000e\000m\000\040\000p\000r\000o\000f\000e\000s\000s\000o\000r\000e\000s}{section.3}% 18
\BOOKMARK [1][-]{section.4}{\376\377\000D\000i\000s\000c\000u\000s\000s\000\343\000o\000\040\000d\000e\000\040\000r\000e\000s\000u\000l\000t\000a\000d\000o\000s}{}% 19
\BOOKMARK [1][-]{section.5}{\376\377\000R\000e\000f\000e\000r\000\352\000n\000c\000i\000a\000s}{}% 20
